ortet-->artet-->arten-->armen-->ahmen-->ahnen-->ihnen-->ihren-->irren
Zucht-->sucht-->sacht-->sackt-->sankt-->sannt-->sinnt-->sinne-->Finne-->Finte-->einte-->ernte
Ellen-->Eulen-->Euler-->Euter-->Puter-->Pater-->Paten-->taten-->tatet-->tatst-->taust-->taugt-->trugt-->tragt-->trage-->traue-->braue-->brate
Hagen-->Haien-->Haies-->Hains-->Haine-->Heine-->Heide-->beide
Kunst-->Dunst-->Durst-->kurst-->kurvt-->kurve-->kurte-->hurte-->harte-->haste-->laste
gelbe-->gelle-->Zelle-->Zille-->Pille-->Pulle-->Pulte-->Kulte-->Kults-->Kulis
Balte-->halte-->harte-->horte-->Borte-->Borde-->Bords
sehne-->segne-->regne-->regte-->ragte-->raste-->haste-->huste
Dunst-->Durst-->kurst-->kurvt-->kurve-->kurte-->Gurte-->Gerte-->werte-->wette-->rette-->rotte-->rotze-->motze-->motzt
jault-->fault-->fallt-->falle-->falte-->kalte
Harem-->rarem-->raren-->ragen-->Hagen-->Haien-->Haies-->Hains-->Haine-->Hanne-->Wanne-->Wonne
Seher-->jeher-->jeder-->jeden-->reden-->regen-->ragen-->raten-->ratet-->tatet-->tatst-->taust-->taugt-->trugt-->tragt-->trage-->traue-->braue-->blaue-->klaue
Bleis-->Bleie-->Breie-->freie-->freue-->treue-->traue-->trage-->tragt-->trugt-->taugt-->tauge-->taute-->kaute-->kante
diese-->miese-->miete-->riete-->ritte
linkt-->hinkt-->hingt-->hinge-->Dinge-->Dings-->Dungs
reihe-->reiht-->reist-->regst-->ragst-->rarst-->barst-->batst-->batet
Wahns-->Zahns-->Zauns-->Zaums-->Baums-->Baues-->laues-->lauem
webte-->weite-->weine-->Heine-->Haine-->Hains-->Haies-->Haien-->Laien-->Laken-->Luken-->Lupen-->hupen-->huren-->euren-->ehren
pauke-->paukt-->paust-->baust-->batst-->batet-->badet-->baden-->faden-->faxen-->fixen-->Nixen
Zaume-->Zaums-->Baums-->Baues-->Bauer-->Mauer-->Maler-->Taler-->Tales-->Talks-->Tanks-->Danks
Pacht-->facht-->focht-->rocht-->recht-->reche-->reihe-->reine-->feine-->feire-->feure
Steve-->Stege-->Stegs-->Siegs-->Siebs-->Diebs-->Diebe-->siebe-->siebt-->siegt-->singt-->sangt-->sanft-->sauft-->tauft
Marge-->Marke-->Maske-->Masse-->Rasse-->Risse-->Riese-->Riege-->liege-->liebe
Lacke-->hacke-->hecke-->wecke-->welke-->welle-->weile-->keile-->kegle-->kugle
zogen-->bogen-->boten-->baten-->batet-->batst-->baust-->haust-->hause-->haute
Tonen-->Zonen-->Zoten-->roten-->rotes
losen-->loten-->boten-->baten-->batet-->batst-->baust-->paust-->paukt-->packt-->sackt-->sacht-->facht
zahme-->zahle-->fahle-->fehle-->hehle-->heule
lauer-->lauen-->bauen-->baten-->batet-->batst-->baust-->paust-->paukt-->packt-->hackt-->hacke
wurmt-->wurme-->warme-->warte-->harte-->horte-->Torte
einte-->Tinte-->Tante-->Tange-->Tangs-->Talgs-->Tales-->Tages-->vages-->vagen-->tagen-->taten-->tuten-->guten-->guter
wiege-->biege-->biegt-->birgt-->bargt-->balgt-->ballt-->bellt-->hellt-->helft
sulze-->salze-->falze-->falte-->faste-->raste-->roste-->rotte-->Motte-->Monte
einem-->einen-->ebnen-->ebben-->erben-->erden-->irden-->irren-->ihren-->ehren-->euren-->huren-->hupen-->Lupen-->Luken-->Laken-->Laien-->Haien-->Haies-->Hains-->Harns-->Hirns-->Hirne-->Birne-->Biene-->Biere-->ziere-->ziele-->fiele
