0: 721
1: 212
2: 201
3: 481
4: 339
5: 407
6: 408
7: 699
8: 831
9: 803
10: 995
11: 988
12: 343
13: 500
14: 253
15: 826
16: 217
17: 294
18: 440
19: 686
20: 509
21: 586
22: 672
23: 742
24: 186
25: 887
26: 137
27: 291
28: 611
29: 312
30: 978
31: 615
32: 845
33: 0
34: 486
35: 220
36: 524
37: 823
38: 785
39: 531
40: 504
41: 38
42: 353
43: 804
44: 842
45: 81
46: 188
47: 847
48: 488
49: 364
50: 276
51: 932
52: 301
53: 173
54: 430
55: 992
56: 301
57: 905
58: 218
59: 565
60: 904
61: 129
62: 216
63: 945
64: 498
65: 407
66: 55
67: 513
68: 900
69: 179
70: 717
71: 400
72: 115
73: 565
74: 990
75: 841
76: 61
77: 276
78: 546
79: 792
80: 465
81: 657
82: 607
83: 76
84: 899
85: 675
86: 995
87: 909
88: 591
89: 298
90: 404
91: 534
92: 831
93: 814
94: 826
95: 563
96: 889
97: 203
98: 405
99: 78
100: 688
101: 920
102: 118
103: 131
104: 152
105: 117
106: 322
107: 236
108: 642
109: 591
110: 717
111: 636
112: 821
113: 763
114: 882
115: 517
116: 732
117: 564
118: 259
119: 196
120: 949
121: 388
122: 446
123: 416
124: 283
125: 38
126: 291
127: 722
128: 903
129: 300
130: 929
131: 364
132: 193
133: 273
134: 47
135: 446
136: 163
137: 377
138: 568
139: 145
140: 724
141: 731
142: 121
143: 671
144: 511
145: 236
146: 48
147: 320
148: 989
149: 156
150: 963
151: 387
152: 888
153: 397
154: 148
155: 787
156: 646
157: 20
158: 460
159: 978
160: 418
161: 728
162: 174
163: 501
164: 490
165: 579
166: 202
167: 593
168: 821
169: 272
170: 527
171: 822
172: 430
173: 675
174: 480
175: 29
176: 678
177: 920
178: 553
179: 628
180: 354
181: 304
182: 547
183: 623
184: 223
185: 488
186: 426
187: 705
188: 526
189: 235
190: 900
191: 847
192: 560
193: 375
194: 393
195: 32
196: 93
197: 228
198: 447
199: 890
200: 739
201: 735
202: 649
203: 397
204: 435
205: 184
206: 861
207: 572
208: 293
209: 84
210: 215
211: 552
212: 775
213: 445
214: 188
215: 219
216: 255
217: 482
218: 424
219: 977
220: 424
221: 990
222: 858
223: 743
224: 783
225: 7
226: 563
227: 728
228: 678
229: 594
230: 277
231: 608
232: 728
233: 289
234: 601
235: 486
236: 816
237: 74
238: 713
239: 694
240: 868
241: 44
242: 2
243: 376
244: 958
245: 186
246: 480
247: 306
248: 717
249: 622
250: 931
251: 32
252: 233
253: 220
254: 149
255: 994
256: 437
257: 328
258: 237
259: 405
260: 575
261: 892
262: 347
263: 913
264: 546
265: 326
266: 989
267: 869
268: 610
269: 44
270: 536
271: 470
272: 774
273: 881
274: 207
275: 110
276: 379
277: 925
278: 440
279: 947
280: 185
281: 616
282: 25
283: 324
284: 440
285: 579
286: 756
287: 269
288: 17
289: 395
290: 512
291: 369
292: 19
293: 782
294: 600
295: 94
296: 330
297: 205
298: 976
299: 303
300: 902
301: 801
302: 291
303: 765
304: 389
305: 513
306: 445
307: 923
308: 979
309: 938
310: 558
311: 562
312: 320
313: 819
314: 378
315: 727
316: 482
317: 927
318: 61
319: 122
320: 551
321: 576
322: 121
323: 588
324: 774
325: 956
326: 128
327: 748
328: 917
329: 358
330: 231
331: 848
332: 207
333: 609
334: 842
335: 267
336: 191
337: 999
338: 985
339: 712
340: 481
341: 819
342: 783
343: 73
344: 809
345: 497
346: 616
347: 488
348: 764
349: 43
350: 120
351: 705
352: 967
353: 181
354: 635
355: 216
356: 376
357: 856
358: 988
359: 853
360: 781
361: 965
362: 248
363: 893
364: 422
365: 294
366: 627
367: 432
368: 406
369: 490
370: 454
371: 823
372: 107
373: 72
374: 533
375: 260
376: 669
377: 962
378: 976
379: 292
380: 949
381: 821
382: 680
383: 991
384: 602
385: 37
386: 390
387: 602
388: 158
389: 697
390: 218
391: 668
392: 982
393: 831
394: 555
395: 803
396: 191
397: 705
398: 162
399: 946
400: 850
401: 804
402: 1
403: 546
404: 668
405: 268
406: 853
407: 752
408: 219
409: 573
410: 26
411: 346
412: 955
413: 508
414: 327
415: 201
416: 967
417: 773
418: 625
419: 685
420: 735
421: 393
422: 178
423: 437
424: 280
425: 480
426: 653
427: 495
428: 94
429: 842
430: 509
431: 589
432: 437
433: 968
434: 114
435: 106
436: 836
437: 771
438: 671
439: 622
440: 667
441: 993
442: 973
443: 818
444: 422
445: 798
446: 12
447: 578
448: 361
449: 105
450: 644
451: 364
452: 956
453: 243
454: 706
455: 711
456: 336
457: 259
458: 113
459: 9
460: 247
461: 326
462: 171
463: 169
464: 792
465: 323
466: 107
467: 460
468: 734
469: 110
470: 6
471: 837
472: 297
473: 599
474: 266
475: 201
476: 485
477: 979
478: 62
479: 986
480: 176
481: 963
482: 689
483: 52
484: 339
485: 877
486: 944
487: 401
488: 154
489: 644
490: 974
491: 934
492: 359
493: 55
494: 535
495: 19
496: 743
497: 267
498: 633
499: 206
500: 220
501: 923
502: 126
503: 78
504: 250
505: 38
506: 448
507: 216
508: 669
509: 430
510: 26
511: 672
512: 785
513: 817
514: 621
515: 513
516: 67
517: 120
518: 29
519: 251
520: 238
521: 192
522: 632
523: 669
524: 423
525: 858
526: 588
527: 519
528: 931
529: 567
530: 255
531: 897
532: 3
533: 399
534: 336
535: 914
536: 203
537: 98
538: 838
539: 848
540: 305
541: 994
542: 296
543: 149
544: 240
545: 371
546: 682
547: 160
548: 27
549: 913
550: 828
551: 685
552: 350
553: 654
554: 494
555: 256
556: 635
557: 779
558: 769
559: 966
560: 835
561: 918
562: 452
563: 787
564: 136
565: 245
566: 584
567: 526
568: 597
569: 4
570: 140
571: 337
572: 980
573: 860
574: 636
575: 703
576: 350
577: 295
578: 62
579: 621
580: 651
581: 935
582: 620
583: 62
584: 288
585: 220
586: 823
587: 351
588: 217
589: 399
590: 428
591: 222
592: 436
593: 388
594: 566
595: 150
596: 448
597: 725
598: 815
599: 153
600: 57
601: 434
602: 961
603: 473
604: 332
605: 245
606: 761
607: 388
608: 979
609: 20
610: 767
611: 814
612: 674
613: 823
614: 248
615: 844
616: 711
617: 122
618: 308
619: 842
620: 752
621: 164
622: 879
623: 701
624: 759
625: 8
626: 622
627: 228
628: 468
629: 333
630: 497
631: 914
632: 194
633: 964
634: 925
635: 754
636: 520
637: 703
638: 611
639: 354
640: 48
641: 459
642: 66
643: 9
644: 391
645: 592
646: 147
647: 794
648: 83
649: 335
650: 132
651: 112
652: 72
653: 838
654: 424
655: 967
656: 661
657: 986
658: 425
659: 733
660: 108
661: 697
662: 20
663: 563
664: 586
665: 176
666: 495
667: 637
668: 843
669: 185
670: 487
671: 615
672: 875
673: 683
674: 491
675: 325
676: 348
677: 574
678: 479
679: 863
680: 582
681: 943
682: 921
683: 54
684: 513
685: 561
686: 742
687: 31
688: 417
689: 195
690: 752
691: 559
692: 274
693: 201
694: 176
695: 518
696: 571
697: 182
698: 898
699: 847
700: 378
701: 227
702: 165
703: 303
704: 760
705: 899
706: 409
707: 275
708: 170
709: 102
710: 804
711: 525
712: 848
713: 509
714: 697
715: 854
716: 823
717: 336
718: 155
719: 958
720: 193
721: 173
722: 503
723: 818
724: 449
725: 472
726: 508
727: 94
728: 199
729: 59
730: 689
731: 138
732: 716
733: 577
734: 599
735: 988
736: 504
737: 648
738: 787
739: 289
740: 254
741: 545
742: 773
743: 107
744: 506
745: 735
746: 246
747: 989
748: 23
749: 25
750: 590
751: 671
752: 333
753: 130
754: 762
755: 570
756: 792
757: 760
758: 874
759: 513
760: 720
761: 196
762: 282
763: 922
764: 434
765: 918
766: 102
767: 724
768: 933
769: 652
770: 936
771: 459
772: 974
773: 873
774: 793
775: 986
776: 57
777: 475
778: 966
779: 891
780: 849
781: 887
782: 719
783: 885
784: 130
785: 988
786: 405
787: 104
788: 992
789: 942
790: 752
791: 495
792: 478
793: 350
794: 829
795: 334
796: 734
797: 243
798: 149
799: 519
800: 447
801: 16
802: 348
803: 424
804: 993
805: 9
806: 320
807: 500
808: 622
809: 391
810: 849
811: 562
812: 863
813: 413
814: 104
815: 634
816: 279
817: 772
818: 232
819: 67
820: 109
821: 617
822: 928
823: 166
824: 84
825: 686
826: 884
827: 148
828: 455
829: 73
830: 385
831: 126
832: 628
833: 489
834: 47
835: 144
836: 862
837: 895
838: 829
839: 233
840: 353
841: 349
842: 850
843: 613
844: 452
845: 829
846: 898
847: 811
848: 55
849: 654
850: 535
851: 859
852: 551
853: 53
854: 673
855: 370
856: 348
857: 348
858: 357
859: 910
860: 242
861: 850
862: 573
863: 451
864: 52
865: 306
866: 531
867: 243
868: 547
869: 879
870: 522
871: 470
872: 585
873: 905
874: 700
875: 11
876: 315
877: 5
878: 899
879: 945
880: 824
881: 152
882: 380
883: 686
884: 289
885: 984
886: 404
887: 65
888: 807
889: 168
890: 830
891: 306
892: 322
893: 900
894: 335
895: 642
896: 345
897: 753
898: 786
899: 909
900: 63
901: 80
902: 38
903: 639
904: 758
905: 721
906: 894
907: 284
908: 795
909: 626
910: 745
911: 46
912: 292
913: 932
914: 714
915: 428
916: 831
917: 999
918: 795
919: 997
920: 241
921: 958
922: 238
923: 159
924: 353
925: 152
926: 535
927: 199
928: 98
929: 274
930: 346
931: 868
932: 254
933: 892
934: 550
935: 937
936: 14
937: 313
938: 26
939: 867
940: 439
941: 829
942: 35
943: 513
944: 159
945: 799
946: 477
947: 911
948: 47
949: 747
950: 543
951: 985
952: 419
953: 956
954: 71
955: 467
956: 612
957: 499
958: 268
959: 70
960: 764
961: 293
962: 5
963: 498
964: 771
965: 132
966: 913
967: 445
968: 617
969: 658
970: 325
971: 446
972: 468
973: 836
974: 450
975: 861
976: 33
977: 381
978: 777
979: 568
980: 665
981: 846
982: 135
983: 465
984: 381
985: 556
986: 782
987: 133
988: 468
989: 31
990: 854
991: 292
992: 172
993: 160
994: 158
995: 183
996: 327
997: 151
998: 61
999: 291
